{"name": "test_search", "status": "broken", "statusDetails": {"message": "selenium.common.exceptions.TimeoutException: Message: \nStacktrace:\n\tGetHandleVerifier [0x0057FD53+23747]\n\t(No symbol) [0x00507D54]\n\t(No symbol) [0x003DBE53]\n\t(No symbol) [0x0041FCA6]\n\t(No symbol) [0x0041FEEB]\n\t(No symbol) [0x0045D852]\n\t(No symbol) [0x00441E44]\n\t(No symbol) [0x0045B41E]\n\t(No symbol) [0x00441B96]\n\t(No symbol) [0x00413F3C]\n\t(No symbol) [0x00414EBD]\n\tGetHandleVerifier [0x0085AC73+3017699]\n\tGetHandleVerifier [0x0086B93B+3086507]\n\tGetHandleVerifier [0x008640F2+3055714]\n\tGetHandleVerifier [0x00615AF0+637536]\n\t(No symbol) [0x00510A5D]\n\t(No symbol) [0x0050DA28]\n\t(No symbol) [0x0050DBC5]\n\t(No symbol) [0x005007F0]\n\tBaseThreadInitThunk [0x76337BA9+25]\n\tRtlInitializeExceptionChain [0x7759C0CB+107]\n\tRtlClearBits [0x7759C04F+191]", "trace": "driver = <selenium.webdriver.chrome.webdriver.WebDriver (session=\"daa7910baca98733e3a62c35f6be3ff5\")>\n\n    def test_search(driver):\n        driver.get(\"https://www.google.com\")\n        # Wait for search box to be present and locate it\n        search_box = WebDriverWait(driver, 10).until(\n            EC.presence_of_element_located((By.NAME, \"q\"))\n        )\n    \n        # Enter search term and submit\n        search_box.send_keys(\"Gozayyan\")\n        search_box.submit()\n    \n        # Wait for search results and click first link\n        first_result = WebDriverWait(driver, 10).until(\n            EC.presence_of_element_located((By.CSS_SELECTOR, \"div.g a\"))\n        )\n        first_result.click()\n    \n        # Wait a few seconds to see the result\n        time.sleep(5)\n    \n        home_page = HomePage(driver)\n        home_page.click_from_field()\n    \n        search_page = SearchPage(driver)\n>       search_page.type_in_from_field(\"chitt\")\n\ntests\\test_search.py:40: \n_ _ _ _ _ _ _ _ _ _ _ _ _ _ _ _ _ _ _ _ _ _ _ _ _ _ _ _ _ _ _ _ _ _ _ _ _ _ _ _ _ _ _ _ _ _ _ _ _ _ _ _ _ _ _ _ _ _ _ _ _ _ _ _ _ _ _ _ _ _ _ _ _ _ _ _ _ _ _ _ \npages\\search_page.py:17: in type_in_from_field\n    self.send_keys_to_element(self.from_input, text)\npages\\base_page.py:20: in send_keys_to_element\n    element = self.wait_for_element(locator)\npages\\base_page.py:13: in wait_for_element\n    return WebDriverWait(self.driver, timeout).until(EC.presence_of_element_located(locator))\n_ _ _ _ _ _ _ _ _ _ _ _ _ _ _ _ _ _ _ _ _ _ _ _ _ _ _ _ _ _ _ _ _ _ _ _ _ _ _ _ _ _ _ _ _ _ _ _ _ _ _ _ _ _ _ _ _ _ _ _ _ _ _ _ _ _ _ _ _ _ _ _ _ _ _ _ _ _ _ _ \n\nself = <selenium.webdriver.support.wait.WebDriverWait (session=\"daa7910baca98733e3a62c35f6be3ff5\")>\nmethod = <function presence_of_element_located.<locals>._predicate at 0x000001A80F8A7A60>, message = ''\n\n    def until(self, method: Callable[[D], Union[Literal[False], T]], message: str = \"\") -> T:\n        \"\"\"Calls the method provided with the driver as an argument until the \\\n        return value does not evaluate to ``False``.\n    \n        :param method: callable(WebDriver)\n        :param message: optional message for :exc:`TimeoutException`\n        :returns: the result of the last call to `method`\n        :raises: :exc:`selenium.common.exceptions.TimeoutException` if timeout occurs\n        \"\"\"\n        screen = None\n        stacktrace = None\n    \n        end_time = time.monotonic() + self._timeout\n        while True:\n            try:\n                value = method(self._driver)\n                if value:\n                    return value\n            except self._ignored_exceptions as exc:\n                screen = getattr(exc, \"screen\", None)\n                stacktrace = getattr(exc, \"stacktrace\", None)\n            if time.monotonic() > end_time:\n                break\n            time.sleep(self._poll)\n>       raise TimeoutException(message, screen, stacktrace)\nE       selenium.common.exceptions.TimeoutException: Message: \nE       Stacktrace:\nE       \tGetHandleVerifier [0x0057FD53+23747]\nE       \t(No symbol) [0x00507D54]\nE       \t(No symbol) [0x003DBE53]\nE       \t(No symbol) [0x0041FCA6]\nE       \t(No symbol) [0x0041FEEB]\nE       \t(No symbol) [0x0045D852]\nE       \t(No symbol) [0x00441E44]\nE       \t(No symbol) [0x0045B41E]\nE       \t(No symbol) [0x00441B96]\nE       \t(No symbol) [0x00413F3C]\nE       \t(No symbol) [0x00414EBD]\nE       \tGetHandleVerifier [0x0085AC73+3017699]\nE       \tGetHandleVerifier [0x0086B93B+3086507]\nE       \tGetHandleVerifier [0x008640F2+3055714]\nE       \tGetHandleVerifier [0x00615AF0+637536]\nE       \t(No symbol) [0x00510A5D]\nE       \t(No symbol) [0x0050DA28]\nE       \t(No symbol) [0x0050DBC5]\nE       \t(No symbol) [0x005007F0]\nE       \tBaseThreadInitThunk [0x76337BA9+25]\nE       \tRtlInitializeExceptionChain [0x7759C0CB+107]\nE       \tRtlClearBits [0x7759C04F+191]\n\n.venv\\Lib\\site-packages\\selenium\\webdriver\\support\\wait.py:105: TimeoutException"}, "start": 1736652127818, "stop": 1736652152520, "uuid": "1c2b5c76-ac57-49ba-8121-ce61e5543244", "historyId": "8c85d9efe15df9c4e49fd61a4b206ce7", "testCaseId": "8c85d9efe15df9c4e49fd61a4b206ce7", "fullName": "tests.test_search#test_search", "labels": [{"name": "parentSuite", "value": "tests"}, {"name": "suite", "value": "test_search"}, {"name": "host", "value": "LifeSucks666"}, {"name": "thread", "value": "5704-MainThread"}, {"name": "framework", "value": "pytest"}, {"name": "language", "value": "cpython3"}, {"name": "package", "value": "tests.test_search"}]}